[0.754s] Invoking command in '/home/sanket/ros2_ws/src/my_py_pkg': PYTHONPATH=/home/sanket/ros2_ws/build/my_py_pkg/prefix_override:/usr/lib/python3/dist-packages/colcon_core/task/python/colcon_distutils_commands:/home/sanket/ros2_ws/install/my_py_pkg/lib/python3.10/site-packages:${PYTHONPATH} /usr/bin/python3 -W ignore:setup.py install is deprecated -W ignore:easy_install command is deprecated setup.py egg_info --egg-base ../../build/my_py_pkg build --build-base /home/sanket/ros2_ws/build/my_py_pkg/build install --record /home/sanket/ros2_ws/build/my_py_pkg/install.log --single-version-externally-managed install_data
[1.020s] running egg_info
[1.021s] creating ../../build/my_py_pkg/my_py_pkg.egg-info
[1.021s] writing ../../build/my_py_pkg/my_py_pkg.egg-info/PKG-INFO
[1.022s] writing dependency_links to ../../build/my_py_pkg/my_py_pkg.egg-info/dependency_links.txt
[1.022s] writing entry points to ../../build/my_py_pkg/my_py_pkg.egg-info/entry_points.txt
[1.022s] writing requirements to ../../build/my_py_pkg/my_py_pkg.egg-info/requires.txt
[1.022s] writing top-level names to ../../build/my_py_pkg/my_py_pkg.egg-info/top_level.txt
[1.023s] writing manifest file '../../build/my_py_pkg/my_py_pkg.egg-info/SOURCES.txt'
[1.027s] reading manifest file '../../build/my_py_pkg/my_py_pkg.egg-info/SOURCES.txt'
[1.027s] writing manifest file '../../build/my_py_pkg/my_py_pkg.egg-info/SOURCES.txt'
[1.027s] running build
[1.027s] running build_py
[1.027s] creating /home/sanket/ros2_ws/build/my_py_pkg/build
[1.028s] creating /home/sanket/ros2_ws/build/my_py_pkg/build/lib
[1.028s] creating /home/sanket/ros2_ws/build/my_py_pkg/build/lib/my_py_pkg
[1.028s] copying my_py_pkg/my_first_node.py -> /home/sanket/ros2_ws/build/my_py_pkg/build/lib/my_py_pkg
[1.028s] copying my_py_pkg/__init__.py -> /home/sanket/ros2_ws/build/my_py_pkg/build/lib/my_py_pkg
[1.028s] running install
[1.028s] running install_lib
[1.030s] creating /home/sanket/ros2_ws/install/my_py_pkg/lib/python3.10/site-packages/my_py_pkg
[1.030s] copying /home/sanket/ros2_ws/build/my_py_pkg/build/lib/my_py_pkg/my_first_node.py -> /home/sanket/ros2_ws/install/my_py_pkg/lib/python3.10/site-packages/my_py_pkg
[1.030s] copying /home/sanket/ros2_ws/build/my_py_pkg/build/lib/my_py_pkg/__init__.py -> /home/sanket/ros2_ws/install/my_py_pkg/lib/python3.10/site-packages/my_py_pkg
[1.030s] byte-compiling /home/sanket/ros2_ws/install/my_py_pkg/lib/python3.10/site-packages/my_py_pkg/my_first_node.py to my_first_node.cpython-310.pyc
[1.031s] byte-compiling /home/sanket/ros2_ws/install/my_py_pkg/lib/python3.10/site-packages/my_py_pkg/__init__.py to __init__.cpython-310.pyc
[1.031s] running install_data
[1.031s] creating /home/sanket/ros2_ws/install/my_py_pkg/share/ament_index
[1.031s] creating /home/sanket/ros2_ws/install/my_py_pkg/share/ament_index/resource_index
[1.031s] creating /home/sanket/ros2_ws/install/my_py_pkg/share/ament_index/resource_index/packages
[1.031s] copying resource/my_py_pkg -> /home/sanket/ros2_ws/install/my_py_pkg/share/ament_index/resource_index/packages
[1.031s] copying package.xml -> /home/sanket/ros2_ws/install/my_py_pkg/share/my_py_pkg
[1.031s] running install_egg_info
[1.033s] Copying ../../build/my_py_pkg/my_py_pkg.egg-info to /home/sanket/ros2_ws/install/my_py_pkg/lib/python3.10/site-packages/my_py_pkg-0.0.0-py3.10.egg-info
[1.034s] running install_scripts
[1.055s] Installing py_node script to /home/sanket/ros2_ws/install/my_py_pkg/lib/my_py_pkg
[1.055s] writing list of installed files to '/home/sanket/ros2_ws/build/my_py_pkg/install.log'
[1.083s] Invoked command in '/home/sanket/ros2_ws/src/my_py_pkg' returned '0': PYTHONPATH=/home/sanket/ros2_ws/build/my_py_pkg/prefix_override:/usr/lib/python3/dist-packages/colcon_core/task/python/colcon_distutils_commands:/home/sanket/ros2_ws/install/my_py_pkg/lib/python3.10/site-packages:${PYTHONPATH} /usr/bin/python3 -W ignore:setup.py install is deprecated -W ignore:easy_install command is deprecated setup.py egg_info --egg-base ../../build/my_py_pkg build --build-base /home/sanket/ros2_ws/build/my_py_pkg/build install --record /home/sanket/ros2_ws/build/my_py_pkg/install.log --single-version-externally-managed install_data
