[0.616s] Invoking command in '/home/sanket/ros2_ws/src/my_py_pkg': PYTHONPATH=/home/sanket/ros2_ws/build/my_py_pkg/prefix_override:/usr/lib/python3/dist-packages/colcon_core/task/python/colcon_distutils_commands:/home/sanket/ros2_ws/install/my_py_pkg/lib/python3.10/site-packages:${PYTHONPATH} /usr/bin/python3 -W ignore:setup.py install is deprecated -W ignore:easy_install command is deprecated setup.py egg_info --egg-base ../../build/my_py_pkg build --build-base /home/sanket/ros2_ws/build/my_py_pkg/build install --record /home/sanket/ros2_ws/build/my_py_pkg/install.log --single-version-externally-managed install_data
[0.865s] running egg_info
[0.866s] writing ../../build/my_py_pkg/my_py_pkg.egg-info/PKG-INFO
[0.866s] writing dependency_links to ../../build/my_py_pkg/my_py_pkg.egg-info/dependency_links.txt
[0.867s] writing entry points to ../../build/my_py_pkg/my_py_pkg.egg-info/entry_points.txt
[0.867s] writing requirements to ../../build/my_py_pkg/my_py_pkg.egg-info/requires.txt
[0.867s] writing top-level names to ../../build/my_py_pkg/my_py_pkg.egg-info/top_level.txt
[0.868s] reading manifest file '../../build/my_py_pkg/my_py_pkg.egg-info/SOURCES.txt'
[0.869s] writing manifest file '../../build/my_py_pkg/my_py_pkg.egg-info/SOURCES.txt'
[0.869s] running build
[0.869s] running build_py
[0.869s] running install
[0.870s] running install_lib
[0.871s] running install_data
[0.871s] running install_egg_info
[0.873s] removing '/home/sanket/ros2_ws/install/my_py_pkg/lib/python3.10/site-packages/my_py_pkg-0.0.0-py3.10.egg-info' (and everything under it)
[0.873s] Copying ../../build/my_py_pkg/my_py_pkg.egg-info to /home/sanket/ros2_ws/install/my_py_pkg/lib/python3.10/site-packages/my_py_pkg-0.0.0-py3.10.egg-info
[0.874s] running install_scripts
[0.894s] Installing py_node script to /home/sanket/ros2_ws/install/my_py_pkg/lib/my_py_pkg
[0.894s] writing list of installed files to '/home/sanket/ros2_ws/build/my_py_pkg/install.log'
[0.916s] Invoked command in '/home/sanket/ros2_ws/src/my_py_pkg' returned '0': PYTHONPATH=/home/sanket/ros2_ws/build/my_py_pkg/prefix_override:/usr/lib/python3/dist-packages/colcon_core/task/python/colcon_distutils_commands:/home/sanket/ros2_ws/install/my_py_pkg/lib/python3.10/site-packages:${PYTHONPATH} /usr/bin/python3 -W ignore:setup.py install is deprecated -W ignore:easy_install command is deprecated setup.py egg_info --egg-base ../../build/my_py_pkg build --build-base /home/sanket/ros2_ws/build/my_py_pkg/build install --record /home/sanket/ros2_ws/build/my_py_pkg/install.log --single-version-externally-managed install_data
